d[1][4] = 9
d[1][5] = 9
d[1][6] = 9
d[1][7] = 9
d[1][8] = 9
d[1][9] = 9
d[1][10] = 9
d[2][3] = 6
d[2][4] = 9
d[2][5] = 9
d[2][6] = 9
d[2][7] = 15
d[2][8] = 15
d[2][9] = 15
d[2][10] = 15
d[3][5] = 9
d[3][6] = 9
d[3][7] = 15
d[3][8] = 15
d[3][9] = 15
d[3][10] = 15
d[4][2] = 4
d[4][3] = 6
d[4][4] = 9
d[4][5] = 10
d[4][6] = 13
d[4][7] = 15
d[4][8] = 15
d[4][9] = 19
d[4][10] = 19
d[5][5] = 10
d[5][6] = 13
d[5][7] = 15
d[5][8] = 15
d[5][9] = 19
d[5][10] = 19
19
d[1][4] = 20
d[1][5] = 20
d[1][6] = 20
d[1][7] = 20
d[1][8] = 20
d[1][9] = 20
d[2][3] = 6
d[2][4] = 20
d[2][5] = 20
d[2][6] = 20
d[2][7] = 26
d[2][8] = 26
d[2][9] = 26
d[3][4] = 20
d[3][5] = 20
d[3][6] = 20
d[3][7] = 26
d[3][8] = 40
d[3][9] = 40
d[4][2] = 4
d[4][3] = 6
d[4][4] = 20
d[4][5] = 20
d[4][6] = 24
d[4][7] = 26
d[4][8] = 40
d[4][9] = 40
40
d[1][2] = 6
d[1][3] = 6
d[1][4] = 6
d[1][5] = 6
d[1][6] = 6
d[1][7] = 6
d[1][8] = 6
d[1][9] = 6
d[1][10] = 6
d[2][2] = 6
d[2][3] = 6
d[2][4] = 9
d[2][5] = 9
d[2][6] = 9
d[2][7] = 9
d[2][8] = 9
d[2][9] = 9
d[2][10] = 9
d[3][6] = 9
d[3][7] = 9
d[3][8] = 11
d[3][9] = 11
d[3][10] = 14
d[4][5] = 9
d[4][6] = 9
d[4][7] = 10
d[4][8] = 11
d[4][9] = 13
d[4][10] = 14
d[5][4] = 9
d[5][5] = 9
d[5][6] = 12
d[5][7] = 12
d[5][8] = 15
d[5][9] = 15
d[5][10] = 15
15
